
renf90.par
     BLUPF90 ver. 1.71

 Parameter file:             renf90.par
 Data file:                  renf90.dat
 Number of Traits             2
 Number of Effects            3
 Position of Observations      1  2
 Position of Weight (1)        0
 Value of Missing Trait/Observation           0

EFFECTS
 #  type                position (2)        levels   [positions for nested]
    1  cross-classified       3    3         2
    2  cross-classified       4    4       531
    3  cross-classified       5    5      2272

 Residual (co)variance Matrix
  1.9043     0.75834E-01
 0.75834E-01 0.14871    

 Random Effect(s)    2
 Type of Random Effect:      diagonal
 trait   effect    (CO)VARIANCES
  1       2     3.260      0.1993    
  2       2    0.1993      0.5001E-01

 Random Effect(s)    3
 Type of Random Effect:      additive animal
 Pedigree File:              renadd03.ped                                                                                                                                                                                                                                              
 trait   effect    (CO)VARIANCES
  1       3     1.432      0.4771E-01
  2       3    0.4771E-01  0.3696E-01

 REMARKS
  (1) Weight position 0 means no weights utilized
  (2) Effect positions of 0 for some effects and traits means that such
      effects are missing for specified traits
 

 * The limited number of OpenMP threads = 4

 * store solutions and s.e. *** se                  
 * missing observation (default=0):           0
 * sparse package: YAMS
 

 Options read from parameter file for genomic
 * SNP format: BLUPF90 standard (text)
 * SNP file: genotypes.txt
 * SNP Xref file: genotypes.txt_XrefID
 * Verify parent-progeny (default 3): 0
 * Set the threshold to Stop the analysis if low cor(A22,G) (default 0.3): -1.0
 * use YAMS package for sparse computation (default=.false.)
 Data record length =            5
 # equations =         5610
 G
  3.2598     0.19932    
 0.19932     0.50013E-01
 G
  1.4323     0.47714E-01
 0.47714E-01 0.36955E-01
 read         1884  records in    21.77664      s,                   24475 
  nonzeroes
  read         2272  additive pedigrees
 
 *--------------------------------------------------------------*
 *                 Genomic Library: Dist Version 1.299          *
 *                                                              *
 *             Optimized OpenMP Version -  4 threads            *
 *                                                              *
 *  Modified relationship matrix (H) created for effect:   3    *
 *--------------------------------------------------------------*
 
 Read 2272 animals from pedigree file: "renadd03.ped"
 Number of Genotyped Animals: 1884

 Creating A22 
    Extracting subset of: 2228 pedigrees from: 2272 elapsed time:     0.0007
    Calculating A22 Matrix by Colleau OpenMP...elapsed time: .0122
    Numbers of threads=4 4

 Reading SNP file
    Column position in file for the first marker: 6
    Format to read SNP file: (5x,400000i1)                                     
    Number of SNPs: 10946
    Format: integer genotypes (0 to 5) to double-precision array
    Number of Genotyped animals: 1884
    Reading SNP file elapsed time: .98
 
 Statistics of alleles frequencies in the current population
    N:          10946
    Mean:       0.512
    Min:        0.000
    Max:        1.000
    Var:        0.077
 
 Quality Control - SNPs with Call Rate < callrate ( 0.90) will removed: 0
 
 Quality Control - SNPs with MAF < minfreq ( 0.05) will removed: 916
 
 Quality Control - Monomorphic SNPs will be removed: 5

 Quality Control - Removed Animals with Call rate < callrate ( 0.90): 0

 Number of effective SNPs (after QC): 10030

 Number of effective Individuals (after QC): 1884
 
 Statistics of alleles frequencies in the current population after
 Quality Control (MAF, monomorphic, call rate, HWE, Mendelian conflicts)
    N:          10030
    Mean:       0.510
    Min:        0.050
    Max:        0.950
    Var:        0.063

 Genotypes missings (%):  8.368

 Genotypes missings after cleannig (%):  0.000

 Calculating G Matrix 
    Dgemm MKL #threads=     4    4 Elapsed omp_get_time:     0.7967
 
 Scale by Sum(2pq). Average:   3739.39249155363     

 Detecting samples with similar genotypes
    elapsed time=     0.0

 *****************************************
 *  Possible genotype duplicates samples *
 *****************************************

    i-j number of sample , i-j renumber Id, G(i,j), G(i,i), G(j,j), r(i,j) 
         174     167    1471     374  0.9719  0.9728  0.9723  0.9993
         317     249    1591    1626  1.0866  1.0883  1.0875  0.9988
         646     532    1019     910  0.9483  0.9494  0.9496  0.9987
        1400    1362     254    1791  1.0108  1.0151  1.0154  0.9957
        1634    1629     268    1514  0.8955  0.8965  0.8996  0.9972
        1835    1747    1665     991  1.2335  1.2347  1.2345  0.9991
        1763    1749     558    1164  1.0581  1.0593  1.0584  0.9992
        1841    1824     272    1744  1.0143  1.0147  1.0146  0.9996
    elapsed time=     0.0
 
 Blend G as alpha*G + beta*A22: (alpha,beta)     0.950     0.050

 Tuning: Scale G matrix according to A22 -  Method: 2
    Diagonal A:    1.000    Offdiagonal A:    0.004    All A:    0.005    Difference:   0.996
    Diagonal G:    1.030    Offdiagonal G:   -0.000    All G:    0.000    Difference:   1.030
    Diff G Diag - G OffDiag:    1.030    (da-oa)/(dg-og):    0.967
    Diff A OffDiag - G OffDiag:    0.004
    Diff A all - G all:    0.004
    New Alpha:   0.919   New Beta:   0.048
    a + G*b; a:  0.004       b:  0.967
 Method to select individuals: 1
 Number of individual selected: 1884

 Frequency - Diagonal of G
    N:        1884
    Mean:        1.000
    Min:         0.804
    Max:         1.252
    Range:       0.022
    Class:     20
 
  #Class       Class   Count
       1  0.8044           3
       2  0.8268           4
       3  0.8492          18
       4  0.8716          42
       5  0.8940         102
       6  0.9163         178
       7  0.9387         235
       8  0.9611         234
       9  0.9835         237
      10   1.006         218
      11   1.028         214
      12   1.051         134
      13   1.073          92
      14   1.095          70
      15   1.118          46
      16   1.140          27
      17   1.163          20
      18   1.185           7
      19   1.207           2
      20   1.230           1
      21   1.252           0
 

 Check for diagonal of genomic relationship matrix


 Check for diagonal of genomic relationship matrix, genotypes not removed: 0

 ------------------------------
  Final Pedigree-Based Matrix 
 ------------------------------
 
 Statistic of Rel. Matrix A22
                            N      Mean       Min       Max       Var
     Diagonal            1884     1.000     1.000     1.000     0.000
     Off-diagonal     3547572     0.004     0.000     0.500     0.002
 

 ----------------------
  Final Genomic Matrix 
 ----------------------
 
 Statistic of Genomic Matrix
                            N      Mean       Min       Max       Var
     Diagonal            1884     1.000     0.804     1.252     0.004
     Off-diagonal     3547572     0.004    -0.271     1.162     0.009
 

 Correlation of Genomic Inbreeding and Pedigree Inbreeding
     Correlation:     0.0000
 
 Diagonal elements
    Estimating Regression Coefficients G = b0 11' + b1 A + e
    Regression coefficients b0 b1 =  -Infinity  Infinity

    Correlation diagonal elements G & A  Infinity
 
 All elements - Diagonal / Off-Diagonal
    Estimating Regression Coefficients G = b0 11' + b1 A + e
    Regression coefficients b0 b1 =     -0.000     1.005

    Correlation all elements G & A     0.512
 
 Off-Diagonal
    Using 29494 elements from A22 >= .02000

    Estimating Regression Coefficients G = b0 11' + b1 A + e
    Regression coefficients b0 b1 =      0.514    -0.022

    Correlation Off-Diagonal elements G & A    -0.004
 
 ***********************************************************************
 * CORRELATION FOR OFF-DIAGONALS G & A22 IS LOW THAN  0.50  !!!!!  *
 * MISIDENTIFIED GENOMIC SAMPLES OR POOR QUALITY GENOMIC DATA *
 ***********************************************************************

 Creating A22-inverse 
    Inverse LAPACK MKL dpotrf/i  #threads=    4    4 Elapsed omp_get_time:     0.0904

 ----------------------
  Final A22 Inv Matrix 
 ----------------------
 
 Statistic of Inv. Rel. Matrix A22
                            N      Mean       Min       Max       Var
     Diagonal            1884     1.842     1.000     1.959     0.014
     Off-diagonal     3547572    -0.001    -0.667     0.000     0.000
 
 
 Creating G-inverse 
    Inverse LAPACK MKL dpotrf/i  #threads=    4    4 Elapsed omp_get_time:     0.0888

 --------------------------
  Final Genomic Inv Matrix 
 --------------------------
 
 Statistic of Inv. Genomic Matrix
                            N      Mean       Min       Max       Var
     Diagonal            1884    12.528     4.733    25.291     3.198
     Off-diagonal     3547572    -0.007   -16.625     3.968     0.066
 

 Check for diagonal of Inverse Genomic - Inverse of pedigree relationship matrix


 ------------------------------
  Final G Inv - A22 Inv Matrix 
 ------------------------------
 
 Statistic of Inv. Genomic - A22 Matrix
                            N      Mean       Min       Max       Var
     Diagonal            1884    10.686     2.838    23.382     2.997
     Off-diagonal     3547572    -0.006   -16.443     4.009     0.064
 

*--------------------------------------------------*
* Setup Genomic Done !!!, elapsed time:      3.487 *
*--------------------------------------------------*

hash matrix increased from          131072 to          262144 % filled:     0.8000
hash matrix increased from          262144 to          524288 % filled:     0.8000
hash matrix increased from          524288 to         1048576 % filled:     0.8000
hash matrix increased from         1048576 to         2097152 % filled:     0.8000
hash matrix increased from         2097152 to         4194304 % filled:     0.8000
hash matrix increased from         4194304 to         8388608 % filled:     0.8000
hash matrix increased from         8388608 to        16777216 % filled:     0.8000
 finished peds in    35.44220      s,                 7136899  nonzeroes
 solutions and s.e. stored in file: "solutions"
