 RENUMF90 version 1.156 with zlib
 bivariate.par
 datafile:data.txt
 traits:           4           7
 fields passed:           1
 R
   1.904      0.7583E-01
  0.7583E-01  0.1487    

 Processing effect  1 of type cross     
 item_kind=alpha     

 Processing effect  2 of type cross     
 item_kind=alpha     
 Reading (CO)VARIANCES:           2 x           2

 Processing effect  3 of type cross     
 item_kind=alpha     
 pedigree file name  "pedigree.txt"
 positions of animal, sire, dam, alternate dam, yob, and group     1     2     3     0     0     0     0
 SNP file name  "genotypes.txt"
 all pedigrees to be included
 Reading (CO)VARIANCES:           2 x           2

 Maximum size of character fields: 40

 Maximum size of record (max_string_readline): 800

 Maximum number of fields for input file (max_field_readline): 100

 Pedigree search method (ped_search): convention

 Order of pedigree animals (animal_order): default

 Order of UPG (upg_order): default

 Missing observation code (missing): 0


 Using prime hash function
 hash tables for effects set up
 first 3 lines of the data file (up to 70 characters)
    345 1 69 20.3 1.08004 0.952123 1.45443
    346 2 27 26.7 0.99726 1.01302 1.13901
    347 2 43 19.5 1.08285 0.900454 1.33243
 read         1884  records
 table with            2  elements sorted
 added count
 Effect group            1  of column            1  with            2  levels
 table expanded from        10000  to        10000  records
 table with          531  elements sorted
 added count
 Effect group            2  of column            1  with          531  levels
 table expanded from        10000  to        10000  records
 added count
 Effect group            3  of column            1  with         1884  levels
 wrote statistics in file "renf90.tables"

 Basic statistics for input data  (missing value code is '0')
 Pos  Min         Max         Mean        SD                 N
   4    11.900      30.200      20.353      3.3776        1884
   7  -0.82830      2.5192      1.0009     0.48085        1829

 Correlation matrix
        4     7
  4   1.00  0.19
  7   0.19  1.00

 Counts of nonzero values (order as above)
       1884      1829
       1829      1829

 random effect with SNPs  3
 type: animal    
 file: genotypes.txt
 form: plain text
 read SNPs        1884  records
 Effect group            3  of column            1  with         1884  levels

 random effect   2
 type:diag      

 random effect   3
 type:animal    
 opened output pedigree file "renadd03.ped"
 read         2272  pedigree records
 loaded          388  parent(s) in round            0

 Pedigree checks
 
 Number of animals with records                  =         1884
 Number of animals with genotypes                =         1884
 Number of animals with records or genotypes     =         1884
 Number of animals with genotypes and no records =            0
 Number of parents without records or genotypes  =          388
 Total number of animals                         =         2272

 Wrote cross reference IDs for SNP file "genotypes.txt_XrefID"

 Wrote parameter file "renf90.par"
 Wrote renumbered data "renf90.dat" 1884 records
 Wrote field information "renf90.fields" for 6 fields in data
